Arguments: 
  /Users/homayp01/.nvm/versions/node/v12.18.4/bin/node /Users/homayp01/.yarn/bin/yarn.js add @eslint7.10.0

PATH: 
  /Users/homayp01/.yarn/bin:/Users/homayp01/.config/yarn/global/node_modules/.bin:/Users/homayp01/.asdf/shims:/usr/local/opt/asdf/libexec/bin:/Users/homayp01/.nvm/versions/node/v12.18.4/bin:/Users/homayp01/.jenv/shims:/Users/homayp01/.jenv/bin:/Users/homayp01/.rbenv/shims:/usr/local/bin:/usr/bin:/bin:/usr/sbin:/sbin:/usr/local/MacGPG2/bin:/Library/Apple/usr/bin:/Users/homayp01/.nvm/versions/node/v12.18.4/bin:/Users/homayp01/.jenv/shims:/Users/homayp01/.jenv/bin:/Users/homayp01/.rbenv/shims:/Applications/Visual Studio Code.app/Contents/Resources/app/bin:/Applications/Visual Studio Code.app/Contents/Resources/app/bin

Yarn version: 
  1.22.19

Node version: 
  12.18.4

Platform: 
  darwin x64

Trace: 
  Error: https://registry.yarnpkg.com/@eslint7.10.0: Request "https://registry.yarnpkg.com/@eslint7.10.0" returned a 405
      at Request.params.callback [as _callback] (/Users/homayp01/.yarn/lib/cli.js:66154:18)
      at Request.self.callback (/Users/homayp01/.yarn/lib/cli.js:140890:22)
      at Request.emit (events.js:315:20)
      at Request.<anonymous> (/Users/homayp01/.yarn/lib/cli.js:141862:10)
      at Request.emit (events.js:315:20)
      at IncomingMessage.<anonymous> (/Users/homayp01/.yarn/lib/cli.js:141784:12)
      at Object.onceWrapper (events.js:421:28)
      at IncomingMessage.emit (events.js:327:22)
      at endReadableNT (_stream_readable.js:1220:12)
      at processTicksAndRejections (internal/process/task_queues.js:84:21)

npm manifest: 
  {
    "name": "@bbc/web-vitals",
    "version": "1.2.0",
    "main": "dist/index.js",
    "module": "esm/index.js",
    "sideEffects": false,
    "description": "Generic hook for reporting web vitals metrics to an endpoint",
    "scripts": {
      "test": "yarn test:lint && yarn test:unit",
      "test:ci": "yarn test:lint && yarn test:unit:ci",
      "test:lint": "eslint --ext .js,jsx,json ./packages ./scripts && stylelint 'packages/**/*.js' 'packages/**/*.jsx' 'scripts/**/*.js'",
      "test:unit": "yarn build && jest --verbose --coverage",
      "test:unit:ci": "jest --verbose --coverage"
    },
    "repository": {
      "type": "git",
      "url": "https://github.com/bbc/web-vitals"
    },
    "author": {
      "name": "BBC"
    },
    "license": "Apache-2.0",
    "bugs": {
      "url": "https://github.com/bbc/web-vitals/issues"
    },
    "homepage": "https://github.com/bbc/web-vitals/blob/main/README.md",
    "dependencies": {
      "cross-fetch": "^3.1.5",
      "react-adaptive-hooks": "0.0.8",
      "web-vitals": "^3.0.1"
    },
    "peerDependencies": {
      "react": ">=16.9.0"
    },
    "devDependencies": {
      "react": "^17.0.2"
    }
  }

yarn manifest: 
  No manifest

Lockfile: 
  # THIS IS AN AUTOGENERATED FILE. DO NOT EDIT THIS FILE DIRECTLY.
  # yarn lockfile v1
  
  
  cross-fetch@^3.1.5:
    version "3.1.5"
    resolved "https://registry.yarnpkg.com/cross-fetch/-/cross-fetch-3.1.5.tgz#e1389f44d9e7ba767907f7af8454787952ab534f"
    integrity sha512-lvb1SBsI0Z7GDwmuid+mU3kWVBwTVUbe7S0H52yaaAdQOXq2YktTCZdlAcNKFzE6QtRz0snpw9bNiPeOIkkQvw==
    dependencies:
      node-fetch "2.6.7"
  
  "js-tokens@^3.0.0 || ^4.0.0":
    version "4.0.0"
    resolved "https://registry.yarnpkg.com/js-tokens/-/js-tokens-4.0.0.tgz#19203fb59991df98e3a287050d4647cdeaf32499"
    integrity sha512-RdJUflcE3cUzKiMqQgsCu06FPu9UdIJO0beYbPhHN4k6apgJtifcoCtT9bcxOpYBtpD2kCM6Sbzg4CausW/PKQ==
  
  loose-envify@^1.1.0:
    version "1.4.0"
    resolved "https://registry.yarnpkg.com/loose-envify/-/loose-envify-1.4.0.tgz#71ee51fa7be4caec1a63839f7e682d8132d30caf"
    integrity sha512-lyuxPGr/Wfhrlem2CL/UcnUc1zcqKAImBDzukY7Y5F/yQiNdko6+fRLevlw1HgMySw7f611UIY408EtxRSoK3Q==
    dependencies:
      js-tokens "^3.0.0 || ^4.0.0"
  
  node-fetch@2.6.7:
    version "2.6.7"
    resolved "https://registry.yarnpkg.com/node-fetch/-/node-fetch-2.6.7.tgz#24de9fba827e3b4ae44dc8b20256a379160052ad"
    integrity sha512-ZjMPFEfVx5j+y2yF35Kzx5sF7kDzxuDj6ziH4FFbOp87zKDZNx8yExJIb05OGF4Nlt9IHFIMBkRl41VdvcNdbQ==
    dependencies:
      whatwg-url "^5.0.0"
  
  object-assign@^4.1.1:
    version "4.1.1"
    resolved "https://registry.yarnpkg.com/object-assign/-/object-assign-4.1.1.tgz#2109adc7965887cfc05cbbd442cac8bfbb360863"
    integrity sha512-rJgTQnkUnH1sFw8yT6VSU3zD3sWmu6sZhIseY8VX+GRu3P6F7Fu+JNDoXfklElbLJSnc3FUQHVe4cU5hj+BcUg==
  
  react-adaptive-hooks@0.0.8:
    version "0.0.8"
    resolved "https://registry.yarnpkg.com/react-adaptive-hooks/-/react-adaptive-hooks-0.0.8.tgz#f23d9232eb7f6f4d782c631bbf029f15b4d01eb1"
    integrity sha512-akbhO9JrE3ACpjNJpvHKgeWtM9YSNH73tBuBeSCxECGG8SkXMm1ZW51Dr2957zUMK3Mxx8G/MYejoHGWZNCQAg==
  
  react@^17.0.2:
    version "17.0.2"
    resolved "https://registry.yarnpkg.com/react/-/react-17.0.2.tgz#d0b5cc516d29eb3eee383f75b62864cfb6800037"
    integrity sha512-gnhPt75i/dq/z3/6q/0asP78D0u592D5L1pd7M8P+dck6Fu/jJeL6iVVK23fptSUZj8Vjf++7wXA8UNclGQcbA==
    dependencies:
      loose-envify "^1.1.0"
      object-assign "^4.1.1"
  
  tr46@~0.0.3:
    version "0.0.3"
    resolved "https://registry.yarnpkg.com/tr46/-/tr46-0.0.3.tgz#8184fd347dac9cdc185992f3a6622e14b9d9ab6a"
    integrity sha512-N3WMsuqV66lT30CrXNbEjx4GEwlow3v6rr4mCcv6prnfwhS01rkgyFdjPNBYd9br7LpXV1+Emh01fHnq2Gdgrw==
  
  web-vitals@^3.0.1:
    version "3.0.4"
    resolved "https://registry.yarnpkg.com/web-vitals/-/web-vitals-3.0.4.tgz#a78ea93e95f7d7961dd151e0a76ac132c5dee2c9"
    integrity sha512-Yau8qf1AJ/dm6MY180Bi0qpCIuWmAfKAnOqmxLecGfIHn0+ND3H4JOhXeY73Pyi9zjSF5J4SNUewHLNUzU7mmA==
  
  webidl-conversions@^3.0.0:
    version "3.0.1"
    resolved "https://registry.yarnpkg.com/webidl-conversions/-/webidl-conversions-3.0.1.tgz#24534275e2a7bc6be7bc86611cc16ae0a5654871"
    integrity sha512-2JAn3z8AR6rjK8Sm8orRC0h/bcl/DqL7tRPdGZ4I1CjdF+EaMLmYxBHyXuKL849eucPFhvBoxMsflfOb8kxaeQ==
  
  whatwg-url@^5.0.0:
    version "5.0.0"
    resolved "https://registry.yarnpkg.com/whatwg-url/-/whatwg-url-5.0.0.tgz#966454e8765462e37644d3626f6742ce8b70965d"
    integrity sha512-saE57nupxk6v3HY35+jzBwYa0rKSy0XR8JSxZPwgLr7ys0IBzhGviA1/TUGJLmSVqs8pb9AnvICXEuOHLprYTw==
    dependencies:
      tr46 "~0.0.3"
      webidl-conversions "^3.0.0"
